programacao/app/build/outputs/logs/manifest-merger-debug-report.txt
-- Merging decision tree log ---
manifest
ADDED from src/main/AndroidManifest.xml:2:1-33:12
	package
		ADDED from src/main/AndroidManifest.xml:3:5-47
		INJECTED from src/main/AndroidManifest.xml
		INJECTED from src/main/AndroidManifest.xml
	android:versionName
		INJECTED from src/main/AndroidManifest.xml
		INJECTED from src/main/AndroidManifest.xml
	xmlns:android
		ADDED from src/main/AndroidManifest.xml:2:11-69
	android:versionCode
		INJECTED from src/main/AndroidManifest.xml
		INJECTED from src/main/AndroidManifest.xml
application
ADDED from src/main/AndroidManifest.xml:5:5-31:19
MERGED from [com.android.support:preference-v7:25.0.0] AndroidManifest.xml:9:5-20
MERGED from [com.android.support:appcompat-v7:25.0.0] AndroidManifest.xml:25:5-20
MERGED from [com.android.support:support-v4:25.0.0] AndroidManifest.xml:25:5-20
MERGED from [com.android.support:support-fragment:25.0.0] AndroidManifest.xml:25:5-20
MERGED from [com.android.support:support-media-compat:25.0.0] AndroidManifest.xml:25:5-20
MERGED from [com.android.support:support-core-utils:25.0.0] AndroidManifest.xml:25:5-20
MERGED from [com.android.support:animated-vector-drawable:25.0.0] AndroidManifest.xml:22:5-20
MERGED from [com.android.support:support-vector-drawable:25.0.0] AndroidManifest.xml:23:5-20
MERGED from [com.android.support:support-core-ui:25.0.0] AndroidManifest.xml:25:5-20
MERGED from [com.android.support:support-compat:25.0.0] AndroidManifest.xml:25:5-20
	android:label
		ADDED from src/main/AndroidManifest.xml:8:9-41
	android:supportsRtl
		ADDED from src/main/AndroidManifest.xml:9:9-35
	android:allowBackup
		ADDED from src/main/AndroidManifest.xml:6:9-35
	android:icon
		ADDED from src/main/AndroidManifest.xml:7:9-43
	android:theme
		ADDED from src/main/AndroidManifest.xml:10:9-40
activity#com.example.persprog.programacao.MainActivity
ADDED from src/main/AndroidManifest.xml:11:9-17:20
	android:name
		ADDED from src/main/AndroidManifest.xml:11:19-47
intent-filter#android.intent.action.MAIN+android.intent.category.LAUNCHER
ADDED from src/main/AndroidManifest.xml:12:13-16:29
action#android.intent.action.MAIN
ADDED from src/main/AndroidManifest.xml:13:17-69
	android:name
		ADDED from src/main/AndroidManifest.xml:13:25-66
category#android.intent.category.LAUNCHER
ADDED from src/main/AndroidManifest.xml:15:17-77
	android:name
		ADDED from src/main/AndroidManifest.xml:15:27-74
activity#com.example.persprog.programacao.cap3.Layout
ADDED from src/main/AndroidManifest.xml:19:9-80
	android:label
		ADDED from src/main/AndroidManifest.xml:19:47-77
	android:name
		ADDED from src/main/AndroidManifest.xml:19:19-46
activity#com.example.persprog.programacao.ca4.Bundle_Exemp
ADDED from src/main/AndroidManifest.xml:20:9-85
	android:label
		ADDED from src/main/AndroidManifest.xml:20:52-82
	android:name
		ADDED from src/main/AndroidManifest.xml:20:19-51
activity#com.example.persprog.programacao.cap6.ActFrameLayout
ADDED from src/main/AndroidManifest.xml:21:9-93
	android:label
		ADDED from src/main/AndroidManifest.xml:21:55-90
	android:name
		ADDED from src/main/AndroidManifest.xml:21:19-54
activity#com.example.persprog.programacao.cap6.ActLinearLayout
ADDED from src/main/AndroidManifest.xml:22:9-95
	android:label
		ADDED from src/main/AndroidManifest.xml:22:56-92
	android:name
		ADDED from src/main/AndroidManifest.xml:22:19-55
activity#com.example.persprog.programacao.cap6.ActTableLayout
ADDED from src/main/AndroidManifest.xml:23:9-107
	android:label
		ADDED from src/main/AndroidManifest.xml:23:55-104
	android:name
		ADDED from src/main/AndroidManifest.xml:23:19-54
activity#com.example.persprog.programacao.cap6.ActTabelLayout1
ADDED from src/main/AndroidManifest.xml:24:9-108
	android:label
		ADDED from src/main/AndroidManifest.xml:24:56-105
	android:name
		ADDED from src/main/AndroidManifest.xml:24:19-55
activity#com.example.persprog.programacao.cap6.ActGridLayout
ADDED from src/main/AndroidManifest.xml:25:9-91
	android:label
		ADDED from src/main/AndroidManifest.xml:25:54-88
	android:name
		ADDED from src/main/AndroidManifest.xml:25:19-53
activity#com.example.persprog.programacao.cap6.ActRelativeLayout
ADDED from src/main/AndroidManifest.xml:26:9-99
	android:label
		ADDED from src/main/AndroidManifest.xml:26:58-96
	android:name
		ADDED from src/main/AndroidManifest.xml:26:19-57
activity#com.example.persprog.programacao.cap6.ActScrollView
ADDED from src/main/AndroidManifest.xml:27:9-91
	android:label
		ADDED from src/main/AndroidManifest.xml:27:54-88
	android:name
		ADDED from src/main/AndroidManifest.xml:27:19-53
activity#com.example.persprog.programacao.cap7.Acttextview
ADDED from src/main/AndroidManifest.xml:28:9-87
	android:label
		ADDED from src/main/AndroidManifest.xml:28:52-84
	android:name
		ADDED from src/main/AndroidManifest.xml:28:19-51
activity#com.example.persprog.programacao.cap7.ActAutoComplete
ADDED from src/main/AndroidManifest.xml:29:9-103
	android:label
		ADDED from src/main/AndroidManifest.xml:29:56-100
	android:name
		ADDED from src/main/AndroidManifest.xml:29:19-55
uses-sdk
INJECTED from src/main/AndroidManifest.xml reason: use-sdk injection requested
MERGED from [com.android.support:preference-v7:25.0.0] AndroidManifest.xml:7:5-43
MERGED from [com.android.support:appcompat-v7:25.0.0] AndroidManifest.xml:21:5-23:78
MERGED from [com.android.support:support-v4:25.0.0] AndroidManifest.xml:21:5-23:54
MERGED from [com.android.support:support-fragment:25.0.0] AndroidManifest.xml:21:5-23:60
MERGED from [com.android.support:support-media-compat:25.0.0] AndroidManifest.xml:21:5-23:63
MERGED from [com.android.support:support-core-utils:25.0.0] AndroidManifest.xml:21:5-23:61
MERGED from [com.android.support:animated-vector-drawable:25.0.0] AndroidManifest.xml:20:5-44
MERGED from [com.android.support:support-vector-drawable:25.0.0] AndroidManifest.xml:21:5-43
MERGED from [com.android.support:recyclerview-v7:25.0.0] AndroidManifest.xml:20:5-43
MERGED from [com.android.support:support-core-ui:25.0.0] AndroidManifest.xml:21:5-23:58
MERGED from [com.android.support:support-compat:25.0.0] AndroidManifest.xml:21:5-23:58
	tools:overrideLibrary
		ADDED from [com.android.support:appcompat-v7:25.0.0] AndroidManifest.xml:23:9-75
	android:targetSdkVersion
		INJECTED from src/main/AndroidManifest.xml
		INJECTED from src/main/AndroidManifest.xml
	android:minSdkVersion
		INJECTED from src/main/AndroidManifest.xml
		INJECTED from src/main/AndroidManifest.xml